#
# A fatal error has been detected by the Java Runtime Environment:
#
#  SIGSEGV (0xb) at pc=0x00000001290c904e, pid=13426, tid=0x0000000000013c03
#
# JRE version: Java(TM) SE Runtime Environment (8.0_111-b14) (build 1.8.0_111-b14)
# Java VM: Java HotSpot(TM) 64-Bit Server VM (25.111-b14 mixed mode bsd-amd64 compressed oops)
# Problematic frame:
# C  [libmethcla.dylib+0x5604e]  remove_free_block+0x3e
#
# Failed to write core dump. Core dumps have been disabled. To enable core dumping, try "ulimit -c unlimited" before starting Java again
#
# If you would like to submit a bug report, please visit:
#   http://bugreport.java.com/bugreport/crash.jsp
#

---------------  T H R E A D  ---------------

Current thread is native thread

siginfo: si_signo: 11 (SIGSEGV), si_code: 1 (SEGV_MAPERR), si_addr: 0x0000000100000012

Registers:
RAX=0x0000000000000003, RBX=0x00007fcc06e44dc8, RCX=0x0000000000000003, RDX=0x0000000000000000
RSP=0x00007000021395f0, RBP=0x00007000021395f0, RSI=0x0000000129111110, RDI=0x0000000100000002
R8 =0x0000000000000100, R9 =0x0000000129e95188, R10=0x00007fcc0474da20, R11=0x0000000000000206
R12=0x00007fcc06e4de50, R13=0x00007fcc06e4df80, R14=0x00007fcc04c25400, R15=0x00007fcc06e4dc80
RIP=0x00000001290c904e, EFLAGS=0x0000000000010206, ERR=0x0000000000000006
  TRAPNO=0x000000000000000e

Top of Stack: (sp=0x00007000021395f0)
0x00007000021395f0:   0000700002139620 00000001290c8fac
0x0000700002139600:   0000000129e97c88 0000000000000003
0x0000700002139610:   0000000129e97b38 0000000129e95000
0x0000700002139620:   0000700002139650 00000001290c8b9e
0x0000700002139630:   0000700002139650 0000000129e97b38
0x0000700002139640:   0000000129e97be0 0000000129e95000
0x0000700002139650:   0000700002139680 00000001290c8ae9
0x0000700002139660:   0000000129e97be0 0000000129e95000
0x0000700002139670:   0000000129e97bf0 0000000129e95000
0x0000700002139680:   00007000021396b0 00000001290bf1d7
0x0000700002139690:   00007000021396b0 00007fcc0474d7a8
0x00007000021396a0:   0000000129e97bf0 00007fcc0474d7a8
0x00007000021396b0:   0000700002139700 00000001290babd8
0x00007000021396c0:   0000000129e97d68 00000001290bf1a0
0x00007000021396d0:   0000000129e97bf0 00007fcc0474c640
0x00007000021396e0:   0000000129e97bf0 00007fcc00000002
0x00007000021396f0:   00007fcc0474c640 0000000129e97bf0
0x0000700002139700:   0000700002139730 00000001290bab3b
0x0000700002139710:   0000700002139730 0000000129e97bf0
0x0000700002139720:   0000000000000200 0000000129e97bf0
0x0000700002139730:   0000700002139760 00000001290ba4a3
0x0000700002139740:   0000000000000000 0000000129e97bf0
0x0000700002139750:   0000000000000200 0000000129e96990
0x0000700002139760:   0000700002139790 00000001290bab54
0x0000700002139770:   0000700002139790 0000000129e96990
0x0000700002139780:   0000000000000200 0000000129e96990
0x0000700002139790:   00007000021398d0 0000000129088208
0x00007000021397a0:   4077b27c7455243b 4080000000000000
0x00007000021397b0:   4077b24ce6639597 4077b24ce6639597
0x00007000021397c0:   0000000000000000 0000000500000000
0x00007000021397d0:   00007fcc0474d8b0 00007fcc0474d720
0x00007000021397e0:   0000000000000002 0000000000000002 

Instructions: (pc=0x00000001290c904e)
0x00000001290c902e:   48 8b 75 f0 48 8b 76 10 48 89 75 d8 48 8b 75 e0
0x00000001290c903e:   48 8b 7d d8 48 89 77 18 48 8b 75 d8 48 8b 7d e0
0x00000001290c904e:   48 89 77 10 48 63 75 e8 48 63 7d ec 48 8b 45 f8
0x00000001290c905e:   48 05 88 00 00 00 48 c1 e7 08 48 01 f8 48 8b 04 

Register to memory mapping:

RAX=0x0000000000000003 is an unknown value
RBX=0x00007fcc06e44dc8 is an unknown value
RCX=0x0000000000000003 is an unknown value
RDX=0x0000000000000000 is an unknown value
RSP=0x00007000021395f0 is an unknown value
RBP=0x00007000021395f0 is an unknown value
RSI=0x0000000129111110: _ZTVN7Methcla5Audio15EnvironmentImpl21NodeEndedNotificationE+0x10 in /Users/robertonoel/Documents/Processing/libraries/sound/library/macosx/libmethcla.dylib at 0x0000000129073000
RDI=0x0000000100000002 is an unknown value
R8 =0x0000000000000100 is an unknown value
R9 =0x0000000129e95188 is an unknown value
R10=0x00007fcc0474da20 is an unknown value
R11=0x0000000000000206 is an unknown value
R12=0x00007fcc06e4de50 is an unknown value
R13=0x00007fcc06e4df80 is an unknown value
R14=0x00007fcc04c25400 is an unknown value
R15=0x00007fcc06e4dc80 is an unknown value


Stack: [0x00007000020ba000,0x000070000213a000],  sp=0x00007000021395f0,  free space=509k
Native frames: (J=compiled Java code, j=interpreted, Vv=VM code, C=native code)
C  [libmethcla.dylib+0x5604e]  remove_free_block+0x3e
C  [libmethcla.dylib+0x55fac]  block_remove+0x3c
C  [libmethcla.dylib+0x55b9e]  block_merge_prev+0x3e
C  [libmethcla.dylib+0x55ae9]  tlsf_free+0x49
C  [libmethcla.dylib+0x4c1d7]  Methcla::Memory::RTMemoryManager::free(void*)+0x37
C  [libmethcla.dylib+0x47bd8]  Methcla::Audio::Node::free()+0x78
C  [libmethcla.dylib+0x47b3b]  Methcla::Audio::Node::process(unsigned long)+0x2b
C  [libmethcla.dylib+0x474a3]  Methcla::Audio::Group::doProcess(unsigned long)+0x43
C  [libmethcla.dylib+0x47b54]  Methcla::Audio::Node::process(unsigned long)+0x44
C  [libmethcla.dylib+0x15208]  Methcla::Audio::EnvironmentImpl::process(double, unsigned long, float const* const*, float* const*)+0x3b8
C  [libmethcla.dylib+0x972a]  Methcla::Audio::Environment::process(double, unsigned long, float const* const*, float* const*)+0x3a
C  [libmethcla.dylib+0x51aa2]  Methcla_Engine::processCallback(void*, double, unsigned long, float const* const*, float* const*)+0x52
C  [libmethcla.dylib+0x4793e]  Methcla::Audio::IO::Driver::process(double, unsigned long, float const* const*, float* const*)+0x5e
C  [libmethcla.dylib+0x6f1c5]  Methcla::Audio::IO::RtAudioDriver::process(float*, float const*, unsigned int, double)+0x1f5
C  [libmethcla.dylib+0x6e896]  Methcla::Audio::IO::RtAudioDriver::processCallback(void*, void*, unsigned int, double, unsigned int, void*)+0x46
C  [libmethcla.dylib+0x821a2]  RtApiCore::callbackEvent(unsigned int, AudioBufferList const*, AudioBufferList const*)+0x282
C  [libmethcla.dylib+0x8061e]  callbackHandler(unsigned int, AudioTimeStamp const*, AudioBufferList const*, AudioTimeStamp const*, AudioBufferList*, AudioTimeStamp const*, void*)+0x4e
C  [CoreAudio+0x3cd8d]  HALC_ProxyIOContext::IOWorkLoop()+0x154d
C  [CoreAudio+0x3b667]  HALC_ProxyIOContext::IOThreadEntry(void*)+0x83
C  [CoreAudio+0x3b38b]  HALB_IOThread::Entry(void*)+0x4b
C  [libsystem_pthread.dylib+0x3aab]  _pthread_body+0xb4
C  [libsystem_pthread.dylib+0x39f7]  _pthread_body+0x0
C  [libsystem_pthread.dylib+0x31fd]  thread_start+0xd


---------------  P R O C E S S  ---------------

VM state:not at safepoint (normal execution)

VM Mutex/Monitor currently owned by a thread: None

Heap:
 PSYoungGen      total 38400K, used 21369K [0x0000000795580000, 0x0000000798000000, 0x00000007c0000000)
  eden space 33280K, 48% used [0x0000000795580000,0x00000007965629b0,0x0000000797600000)
  from space 5120K, 99% used [0x0000000797600000,0x0000000797afbdc0,0x0000000797b00000)
  to   space 5120K, 0% used [0x0000000797b00000,0x0000000797b00000,0x0000000798000000)
 ParOldGen       total 87552K, used 1327K [0x0000000740000000, 0x0000000745580000, 0x0000000795580000)
  object space 87552K, 1% used [0x0000000740000000,0x000000074014bd68,0x0000000745580000)
 Metaspace       used 10943K, capacity 11106K, committed 11264K, reserved 1058816K
  class space    used 1195K, capacity 1247K, committed 1280K, reserved 1048576K

Card table byte_map: [0x0000000108d61000,0x0000000109162000] byte_map_base: 0x0000000105361000

Marking Bits: (ParMarkBitMap*) 0x00000001082efd20
 Begin Bits: [0x0000000118f6e000, 0x000000011af6e000)
 End Bits:   [0x000000011af6e000, 0x000000011cf6e000)

Polling page: 0x0000000107049000

CodeCache: size=245760Kb used=4837Kb max_used=4852Kb free=240922Kb
 bounds [0x0000000109f6e000, 0x000000010a43e000, 0x0000000118f6e000]
 total_blobs=1629 nmethods=1126 adapters=425
 compilation: enabled

Compilation events (10 events):
Event: 107.430 Thread 0x00007fcc05841800 1122   !   4       sun.java2d.SunGraphics2D::drawHiDPIImage (355 bytes)
Event: 107.430 Thread 0x00007fcc0483f000 1123       4       sun.java2d.pipe.ValidatePipe::scaleImage (41 bytes)
Event: 107.435 Thread 0x00007fcc0483f000 nmethod 1123 0x000000010a389550 code [0x000000010a3896e0, 0x000000010a389ae8]
Event: 107.449 Thread 0x00007fcc05841800 nmethod 1122 0x000000010a423590 code [0x000000010a423860, 0x000000010a424e40]
Event: 107.465 Thread 0x00007fcc0483f000 1124       4       processing.awt.PSurfaceAWT$12::callDraw (18 bytes)
Event: 107.465 Thread 0x00007fcc05841800 1125       4       processing.core.PApplet::handleDraw (252 bytes)
Event: 107.493 Thread 0x00007fcc05841800 nmethod 1125 0x000000010a4267d0 code [0x000000010a426ac0, 0x000000010a428228]
Event: 107.495 Thread 0x00007fcc0483f000 nmethod 1124 0x000000010a429310 code [0x000000010a429620, 0x000000010a42af90]
Event: 140.533 Thread 0x00007fcc05841800 1126       4       sun.java2d.pipe.BufferedContext::validate (518 bytes)
Event: 140.549 Thread 0x00007fcc05841800 nmethod 1126 0x000000010a40a010 code [0x000000010a40a220, 0x000000010a40b018]

GC Heap History (2 events):
Event: 97.849 GC heap before
{Heap before GC invocations=1 (full 0):
 PSYoungGen      total 38400K, used 33280K [0x0000000795580000, 0x0000000798000000, 0x00000007c0000000)
  eden space 33280K, 100% used [0x0000000795580000,0x0000000797600000,0x0000000797600000)
  from space 5120K, 0% used [0x0000000797b00000,0x0000000797b00000,0x0000000798000000)
  to   space 5120K, 0% used [0x0000000797600000,0x0000000797600000,0x0000000797b00000)
 ParOldGen       total 87552K, used 0K [0x0000000740000000, 0x0000000745580000, 0x0000000795580000)
  object space 87552K, 0% used [0x0000000740000000,0x0000000740000000,0x0000000745580000)
 Metaspace       used 10792K, capacity 10946K, committed 11264K, reserved 1058816K
  class space    used 1159K, capacity 1215K, committed 1280K, reserved 1048576K
Event: 97.855 GC heap after
Heap after GC invocations=1 (full 0):
 PSYoungGen      total 38400K, used 5103K [0x0000000795580000, 0x0000000798000000, 0x00000007c0000000)
  eden space 33280K, 0% used [0x0000000795580000,0x0000000795580000,0x0000000797600000)
  from space 5120K, 99% used [0x0000000797600000,0x0000000797afbdc0,0x0000000797b00000)
  to   space 5120K, 0% used [0x0000000797b00000,0x0000000797b00000,0x0000000798000000)
 ParOldGen       total 87552K, used 1327K [0x0000000740000000, 0x0000000745580000, 0x0000000795580000)
  object space 87552K, 1% used [0x0000000740000000,0x000000074014bd68,0x0000000745580000)
 Metaspace       used 10792K, capacity 10946K, committed 11264K, reserved 1058816K
  class space    used 1159K, capacity 1215K, committed 1280K, reserved 1048576K
}

Deoptimization events (8 events):
Event: 8.521 Thread 0x00007fcc06162800 Uncommon trap: reason=unstable_if action=reinterpret pc=0x000000010a33a20c method=java.lang.StrictMath.floorOrCeil(DDDD)D @ 14
Event: 97.866 Thread 0x00007fcc06162800 Uncommon trap: reason=unstable_if action=reinterpret pc=0x000000010a391378 method=sun.java2d.pipe.BufferedContext.validate(Lsun/java2d/pipe/hw/AccelSurface;Lsun/java2d/pipe/hw/AccelSurface;Lsun/java2d/pipe/Region;Ljava/awt/Composite;Ljava/awt/geom/AffineT
Event: 103.560 Thread 0x00007fcc05190800 Uncommon trap: reason=speculate_class_check action=maybe_recompile pc=0x000000010a34a038 method=java.awt.EventQueue.coalesceEvent(Ljava/awt/AWTEvent;I)Z @ 53
Event: 103.742 Thread 0x00007fcc05190800 Uncommon trap: reason=speculate_class_check action=maybe_recompile pc=0x000000010a34a038 method=java.awt.EventQueue.coalesceEvent(Ljava/awt/AWTEvent;I)Z @ 53
Event: 103.749 Thread 0x00007fcc05190800 Uncommon trap: reason=speculate_class_check action=maybe_recompile pc=0x000000010a34a038 method=java.awt.EventQueue.coalesceEvent(Ljava/awt/AWTEvent;I)Z @ 53
Event: 103.750 Thread 0x00007fcc05190800 Uncommon trap: reason=unstable_if action=reinterpret pc=0x000000010a29d728 method=java.security.AccessControlContext.optimize()Ljava/security/AccessControlContext; @ 206
Event: 103.750 Thread 0x00007fcc05190800 Uncommon trap: reason=unstable_if action=reinterpret pc=0x000000010a3386fc method=sun.awt.SunToolkit.getAppContext(Ljava/lang/Object;)Lsun/awt/AppContext; @ 4
Event: 103.753 Thread 0x00007fcc05190800 Uncommon trap: reason=unstable_if action=reinterpret pc=0x000000010a349040 method=java.awt.EventQueue.getPriority(Ljava/awt/AWTEvent;)I @ 64

Internal exceptions (10 events):
Event: 0.033 Thread 0x00007fcc05004800 Exception <a 'java/lang/NoSuchMethodError': Method sun.misc.Unsafe.prefetchRead(Ljava/lang/Object;J)V name or signature does not match> (0x0000000795587f60) thrown at [/Users/java_re/workspace/8-2-build-macosx-x86_64/jdk8u111/7883/hotspot/src/share/vm/pri
Event: 0.149 Thread 0x00007fcc05004800 Exception <a 'java/security/PrivilegedActionException'> (0x00000007959bf650) thrown at [/Users/java_re/workspace/8-2-build-macosx-x86_64/jdk8u111/7883/hotspot/src/share/vm/prims/jvm.cpp, line 1386]
Event: 0.149 Thread 0x00007fcc05004800 Exception <a 'java/security/PrivilegedActionException'> (0x00000007959bf860) thrown at [/Users/java_re/workspace/8-2-build-macosx-x86_64/jdk8u111/7883/hotspot/src/share/vm/prims/jvm.cpp, line 1386]
Event: 0.149 Thread 0x00007fcc05004800 Exception <a 'java/security/PrivilegedActionException'> (0x00000007959c56c0) thrown at [/Users/java_re/workspace/8-2-build-macosx-x86_64/jdk8u111/7883/hotspot/src/share/vm/prims/jvm.cpp, line 1386]
Event: 0.150 Thread 0x00007fcc05004800 Exception <a 'java/security/PrivilegedActionException'> (0x00000007959c58d0) thrown at [/Users/java_re/workspace/8-2-build-macosx-x86_64/jdk8u111/7883/hotspot/src/share/vm/prims/jvm.cpp, line 1386]
Event: 0.196 Thread 0x00007fcc05004800 Exception <a 'java/lang/NoSuchFieldError': method resolution failed> (0x0000000795a942c0) thrown at [/Users/java_re/workspace/8-2-build-macosx-x86_64/jdk8u111/7883/hotspot/src/share/vm/prims/methodHandles.cpp, line 1146]
Event: 0.198 Thread 0x00007fcc05004800 Exception <a 'java/lang/NoSuchFieldError': method resolution failed> (0x0000000795aa1a10) thrown at [/Users/java_re/workspace/8-2-build-macosx-x86_64/jdk8u111/7883/hotspot/src/share/vm/prims/methodHandles.cpp, line 1146]
Event: 0.370 Thread 0x00007fcc05004800 Exception <a 'java/io/FileNotFoundException'> (0x0000000795b1c708) thrown at [/Users/java_re/workspace/8-2-build-macosx-x86_64/jdk8u111/7883/hotspot/src/share/vm/prims/jni.cpp, line 709]
Event: 0.370 Thread 0x00007fcc05004800 Exception <a 'java/io/FileNotFoundException'> (0x0000000795b1d7b8) thrown at [/Users/java_re/workspace/8-2-build-macosx-x86_64/jdk8u111/7883/hotspot/src/share/vm/prims/jni.cpp, line 709]
Event: 97.856 Thread 0x00007fcc0582d800 Exception <a 'java/lang/NullPointerException'> (0x00000007956a1410) thrown at [/Users/java_re/workspace/8-2-build-macosx-x86_64/jdk8u111/7883/hotspot/src/share/vm/interpreter/linkResolver.cpp, line 1178]

Events (10 events):
Event: 103.752 loading class javax/swing/JMenuItem
Event: 103.753 loading class javax/swing/AbstractButton
Event: 103.753 loading class java/awt/ItemSelectable
Event: 103.753 loading class java/awt/ItemSelectable done
Event: 103.753 loading class javax/swing/AbstractButton done
Event: 103.753 loading class javax/swing/JMenuItem done
Event: 103.753 loading class javax/swing/JMenu done
Event: 103.753 Thread 0x00007fcc05190800 Uncommon trap: trap_request=0xffffff65 fr.pc=0x000000010a349040
Event: 103.753 Thread 0x00007fcc05190800 DEOPT PACKING pc=0x000000010a349040 sp=0x0000700001e2a470
Event: 103.754 Thread 0x00007fcc05190800 DEOPT UNPACKING pc=0x0000000109f73229 sp=0x0000700001e2a3a0 mode 2


Dynamic libraries:
0x00000000260f9000 	/System/Library/Frameworks/Cocoa.framework/Versions/A/Cocoa
0x00000000260f9000 	/System/Library/Frameworks/Security.framework/Versions/A/Security
0x00000000260f9000 	/System/Library/Frameworks/ApplicationServices.framework/Versions/A/ApplicationServices
0x00000000260f9000 	/usr/lib/libz.1.dylib
0x00000000260f9000 	/usr/lib/libSystem.B.dylib
0x00000000260f9000 	/usr/lib/libobjc.A.dylib
0x00000000260f9000 	/System/Library/Frameworks/CoreFoundation.framework/Versions/A/CoreFoundation
0x00000000260f9000 	/System/Library/Frameworks/Foundation.framework/Versions/C/Foundation
0x00000000260f9000 	/System/Library/Frameworks/AppKit.framework/Versions/C/AppKit
0x00000000260f9000 	/System/Library/Frameworks/CoreData.framework/Versions/A/CoreData
0x00000000260f9000 	/System/Library/PrivateFrameworks/RemoteViewServices.framework/Versions/A/RemoteViewServices
0x00000000260f9000 	/System/Library/PrivateFrameworks/UIFoundation.framework/Versions/A/UIFoundation
0x00000000260f9000 	/System/Library/PrivateFrameworks/DFRFoundation.framework/Versions/A/DFRFoundation
0x00000000260f9000 	/usr/lib/libenergytrace.dylib
0x00000000260f9000 	/System/Library/PrivateFrameworks/SkyLight.framework/Versions/A/SkyLight
0x00000000260f9000 	/System/Library/Frameworks/CoreGraphics.framework/Versions/A/CoreGraphics
0x00000000260f9000 	/usr/lib/libScreenReader.dylib
0x00000000260f9000 	/System/Library/Frameworks/Accelerate.framework/Versions/A/Accelerate
0x00000000260f9000 	/System/Library/Frameworks/IOSurface.framework/Versions/A/IOSurface
0x00000000260f9000 	/System/Library/Frameworks/AudioToolbox.framework/Versions/A/AudioToolbox
0x00000000260f9000 	/System/Library/Frameworks/AudioUnit.framework/Versions/A/AudioUnit
0x00000000260f9000 	/System/Library/PrivateFrameworks/DataDetectorsCore.framework/Versions/A/DataDetectorsCore
0x00000000260f9000 	/System/Library/PrivateFrameworks/DesktopServicesPriv.framework/Versions/A/DesktopServicesPriv
0x00000000260f9000 	/System/Library/Frameworks/Carbon.framework/Versions/A/Frameworks/HIToolbox.framework/Versions/A/HIToolbox
0x00000000260f9000 	/usr/lib/libicucore.A.dylib
0x00000000260f9000 	/System/Library/Frameworks/QuartzCore.framework/Versions/A/QuartzCore
0x00000000260f9000 	/System/Library/Frameworks/Carbon.framework/Versions/A/Frameworks/SpeechRecognition.framework/Versions/A/SpeechRecognition
0x00000000260f9000 	/usr/lib/libauto.dylib
0x00000000260f9000 	/usr/lib/libxml2.2.dylib
0x00000000260f9000 	/System/Library/PrivateFrameworks/CoreUI.framework/Versions/A/CoreUI
0x00000000260f9000 	/System/Library/Frameworks/CoreAudio.framework/Versions/A/CoreAudio
0x00000000260f9000 	/System/Library/Frameworks/DiskArbitration.framework/Versions/A/DiskArbitration
0x00000000260f9000 	/usr/lib/liblangid.dylib
0x00000000260f9000 	/System/Library/PrivateFrameworks/MultitouchSupport.framework/Versions/A/MultitouchSupport
0x00000000260f9000 	/System/Library/Frameworks/IOKit.framework/Versions/A/IOKit
0x00000000260f9000 	/usr/lib/libDiagnosticMessagesClient.dylib
0x00000000260f9000 	/System/Library/Frameworks/CoreServices.framework/Versions/A/CoreServices
0x00000000260f9000 	/System/Library/PrivateFrameworks/PerformanceAnalysis.framework/Versions/A/PerformanceAnalysis
0x00000000260f9000 	/System/Library/PrivateFrameworks/GenerationalStorage.framework/Versions/A/GenerationalStorage
0x00000000260f9000 	/System/Library/Frameworks/OpenGL.framework/Versions/A/OpenGL
0x00000000260f9000 	/System/Library/Frameworks/CoreImage.framework/Versions/A/CoreImage
0x00000000260f9000 	/System/Library/Frameworks/CoreText.framework/Versions/A/CoreText
0x00000000260f9000 	/System/Library/Frameworks/ImageIO.framework/Versions/A/ImageIO
0x00000000260f9000 	/System/Library/PrivateFrameworks/Backup.framework/Versions/A/Backup
0x00000000260f9000 	/usr/lib/libarchive.2.dylib
0x00000000260f9000 	/System/Library/Frameworks/CFNetwork.framework/Versions/A/CFNetwork
0x00000000260f9000 	/System/Library/Frameworks/SystemConfiguration.framework/Versions/A/SystemConfiguration
0x00000000260f9000 	/usr/lib/libCRFSuite.dylib
0x00000000260f9000 	/usr/lib/libc++.1.dylib
0x00000000260f9000 	/usr/lib/libc++abi.dylib
0x00000000260f9000 	/usr/lib/system/libcache.dylib
0x00000000260f9000 	/usr/lib/system/libcommonCrypto.dylib
0x00000000260f9000 	/usr/lib/system/libcompiler_rt.dylib
0x00000000260f9000 	/usr/lib/system/libcopyfile.dylib
0x00000000260f9000 	/usr/lib/system/libcorecrypto.dylib
0x00000000260f9000 	/usr/lib/system/libdispatch.dylib
0x00000000260f9000 	/usr/lib/system/libdyld.dylib
0x00000000260f9000 	/usr/lib/system/libkeymgr.dylib
0x00000000260f9000 	/usr/lib/system/liblaunch.dylib
0x00000000260f9000 	/usr/lib/system/libmacho.dylib
0x00000000260f9000 	/usr/lib/system/libquarantine.dylib
0x00000000260f9000 	/usr/lib/system/libremovefile.dylib
0x00000000260f9000 	/usr/lib/system/libsystem_asl.dylib
0x00000000260f9000 	/usr/lib/system/libsystem_blocks.dylib
0x00000000260f9000 	/usr/lib/system/libsystem_c.dylib
0x00000000260f9000 	/usr/lib/system/libsystem_configuration.dylib
0x00000000260f9000 	/usr/lib/system/libsystem_coreservices.dylib
0x00000000260f9000 	/usr/lib/system/libsystem_coretls.dylib
0x00000000260f9000 	/usr/lib/system/libsystem_dnssd.dylib
0x00000000260f9000 	/usr/lib/system/libsystem_info.dylib
0x00000000260f9000 	/usr/lib/system/libsystem_kernel.dylib
0x00000000260f9000 	/usr/lib/system/libsystem_m.dylib
0x00000000260f9000 	/usr/lib/system/libsystem_malloc.dylib
0x00000000260f9000 	/usr/lib/system/libsystem_network.dylib
0x00000000260f9000 	/usr/lib/system/libsystem_networkextension.dylib
0x00000000260f9000 	/usr/lib/system/libsystem_notify.dylib
0x00000000260f9000 	/usr/lib/system/libsystem_platform.dylib
0x00000000260f9000 	/usr/lib/system/libsystem_pthread.dylib
0x00000000260f9000 	/usr/lib/system/libsystem_sandbox.dylib
0x00000000260f9000 	/usr/lib/system/libsystem_secinit.dylib
0x00000000260f9000 	/usr/lib/system/libsystem_symptoms.dylib
0x00000000260f9000 	/usr/lib/system/libsystem_trace.dylib
0x00000000260f9000 	/usr/lib/system/libunwind.dylib
0x00000000260f9000 	/usr/lib/system/libxpc.dylib
0x00000000260f9000 	/usr/lib/libbsm.0.dylib
0x00000000260f9000 	/usr/lib/system/libkxld.dylib
0x00000000260f9000 	/usr/lib/libcoretls.dylib
0x00000000260f9000 	/usr/lib/libcoretls_cfhelpers.dylib
0x00000000260f9000 	/usr/lib/libxar.1.dylib
0x00000000260f9000 	/usr/lib/libsqlite3.dylib
0x00000000260f9000 	/usr/lib/libpam.2.dylib
0x00000000260f9000 	/usr/lib/libOpenScriptingUtil.dylib
0x00000000260f9000 	/usr/lib/libbz2.1.0.dylib
0x00000000260f9000 	/usr/lib/liblzma.5.dylib
0x00000000260f9000 	/usr/lib/libnetwork.dylib
0x00000000260f9000 	/usr/lib/libpcap.A.dylib
0x00000000260f9000 	/System/Library/Frameworks/CoreServices.framework/Versions/A/Frameworks/FSEvents.framework/Versions/A/FSEvents
0x00000000260f9000 	/System/Library/Frameworks/CoreServices.framework/Versions/A/Frameworks/CarbonCore.framework/Versions/A/CarbonCore
0x00000000260f9000 	/System/Library/Frameworks/CoreServices.framework/Versions/A/Frameworks/Metadata.framework/Versions/A/Metadata
0x00000000260f9000 	/System/Library/Frameworks/CoreServices.framework/Versions/A/Frameworks/OSServices.framework/Versions/A/OSServices
0x00000000260f9000 	/System/Library/Frameworks/CoreServices.framework/Versions/A/Frameworks/SearchKit.framework/Versions/A/SearchKit
0x00000000260f9000 	/System/Library/Frameworks/CoreServices.framework/Versions/A/Frameworks/AE.framework/Versions/A/AE
0x00000000260f9000 	/System/Library/Frameworks/CoreServices.framework/Versions/A/Frameworks/LaunchServices.framework/Versions/A/LaunchServices
0x00000000260f9000 	/System/Library/Frameworks/CoreServices.framework/Versions/A/Frameworks/DictionaryServices.framework/Versions/A/DictionaryServices
0x00000000260f9000 	/System/Library/Frameworks/CoreServices.framework/Versions/A/Frameworks/SharedFileList.framework/Versions/A/SharedFileList
0x00000000260f9000 	/System/Library/Frameworks/NetFS.framework/Versions/A/NetFS
0x00000000260f9000 	/System/Library/PrivateFrameworks/NetAuth.framework/Versions/A/NetAuth
0x00000000260f9000 	/System/Library/PrivateFrameworks/login.framework/Versions/A/Frameworks/loginsupport.framework/Versions/A/loginsupport
0x00000000260f9000 	/System/Library/PrivateFrameworks/TCC.framework/Versions/A/TCC
0x00000000260f9000 	/usr/lib/libmecabra.dylib
0x00000000260f9000 	/System/Library/Frameworks/ApplicationServices.framework/Versions/A/Frameworks/ATS.framework/Versions/A/ATS
0x00000000260f9000 	/System/Library/Frameworks/ApplicationServices.framework/Versions/A/Frameworks/ColorSync.framework/Versions/A/ColorSync
0x00000000260f9000 	/System/Library/Frameworks/ApplicationServices.framework/Versions/A/Frameworks/HIServices.framework/Versions/A/HIServices
0x00000000260f9000 	/System/Library/Frameworks/ApplicationServices.framework/Versions/A/Frameworks/LangAnalysis.framework/Versions/A/LangAnalysis
0x00000000260f9000 	/System/Library/Frameworks/ApplicationServices.framework/Versions/A/Frameworks/PrintCore.framework/Versions/A/PrintCore
0x00000000260f9000 	/System/Library/Frameworks/ApplicationServices.framework/Versions/A/Frameworks/QD.framework/Versions/A/QD
0x00000000260f9000 	/System/Library/Frameworks/ApplicationServices.framework/Versions/A/Frameworks/SpeechSynthesis.framework/Versions/A/SpeechSynthesis
0x00000000260f9000 	/System/Library/Frameworks/Accelerate.framework/Versions/A/Frameworks/vImage.framework/Versions/A/vImage
0x00000000260f9000 	/System/Library/Frameworks/Accelerate.framework/Versions/A/Frameworks/vecLib.framework/Versions/A/vecLib
0x00000000260f9000 	/System/Library/Frameworks/Accelerate.framework/Versions/A/Frameworks/vecLib.framework/Versions/A/libvDSP.dylib
0x00000000260f9000 	/System/Library/Frameworks/Accelerate.framework/Versions/A/Frameworks/vecLib.framework/Versions/A/libBNNS.dylib
0x00000000260f9000 	/System/Library/Frameworks/Accelerate.framework/Versions/A/Frameworks/vecLib.framework/Versions/A/libQuadrature.dylib
0x00000000260f9000 	/System/Library/Frameworks/Accelerate.framework/Versions/A/Frameworks/vecLib.framework/Versions/A/libvMisc.dylib
0x00000000260f9000 	/System/Library/Frameworks/Accelerate.framework/Versions/A/Frameworks/vecLib.framework/Versions/A/libLAPACK.dylib
0x00000000260f9000 	/System/Library/Frameworks/Accelerate.framework/Versions/A/Frameworks/vecLib.framework/Versions/A/libBLAS.dylib
0x00000000260f9000 	/System/Library/Frameworks/Accelerate.framework/Versions/A/Frameworks/vecLib.framework/Versions/A/libLinearAlgebra.dylib
0x00000000260f9000 	/System/Library/Frameworks/Accelerate.framework/Versions/A/Frameworks/vecLib.framework/Versions/A/libSparseBLAS.dylib
0x00000000260f9000 	/System/Library/Frameworks/ApplicationServices.framework/Versions/A/Frameworks/ATS.framework/Versions/A/Resources/libFontParser.dylib
0x00000000260f9000 	/System/Library/Frameworks/ApplicationServices.framework/Versions/A/Frameworks/ATS.framework/Versions/A/Resources/libFontRegistry.dylib
0x00000000260f9000 	/System/Library/Frameworks/ImageIO.framework/Versions/A/Resources/libJPEG.dylib
0x00000000260f9000 	/System/Library/Frameworks/ImageIO.framework/Versions/A/Resources/libTIFF.dylib
0x00000000260f9000 	/System/Library/Frameworks/ImageIO.framework/Versions/A/Resources/libPng.dylib
0x00000000260f9000 	/System/Library/Frameworks/ImageIO.framework/Versions/A/Resources/libGIF.dylib
0x00000000260f9000 	/System/Library/Frameworks/ImageIO.framework/Versions/A/Resources/libJP2.dylib
0x00000000260f9000 	/System/Library/Frameworks/ImageIO.framework/Versions/A/Resources/libRadiance.dylib
0x00000000260f9000 	/usr/lib/libcompression.dylib
0x00000000260f9000 	/System/Library/PrivateFrameworks/AppleJPEG.framework/Versions/A/AppleJPEG
0x00000000260f9000 	/usr/lib/libcups.2.dylib
0x00000000260f9000 	/System/Library/Frameworks/Kerberos.framework/Versions/A/Kerberos
0x00000000260f9000 	/System/Library/Frameworks/GSS.framework/Versions/A/GSS
0x00000000260f9000 	/usr/lib/libresolv.9.dylib
0x00000000260f9000 	/usr/lib/libiconv.2.dylib
0x00000000260f9000 	/System/Library/PrivateFrameworks/Heimdal.framework/Versions/A/Heimdal
0x00000000260f9000 	/usr/lib/libheimdal-asn1.dylib
0x00000000260f9000 	/System/Library/Frameworks/OpenDirectory.framework/Versions/A/OpenDirectory
0x00000000260f9000 	/System/Library/PrivateFrameworks/CommonAuth.framework/Versions/A/CommonAuth
0x00000000260f9000 	/System/Library/Frameworks/OpenDirectory.framework/Versions/A/Frameworks/CFOpenDirectory.framework/Versions/A/CFOpenDirectory
0x00000000260f9000 	/System/Library/Frameworks/SecurityFoundation.framework/Versions/A/SecurityFoundation
0x00000000260f9000 	/System/Library/PrivateFrameworks/LanguageModeling.framework/Versions/A/LanguageModeling
0x00000000260f9000 	/usr/lib/libmarisa.dylib
0x00000000260f9000 	/usr/lib/libChineseTokenizer.dylib
0x00000000260f9000 	/usr/lib/libcmph.dylib
0x00000000260f9000 	/System/Library/PrivateFrameworks/CoreEmoji.framework/Versions/A/CoreEmoji
0x00000000260f9000 	/System/Library/Frameworks/ServiceManagement.framework/Versions/A/ServiceManagement
0x00000000260f9000 	/usr/lib/libxslt.1.dylib
0x00000000260f9000 	/System/Library/Frameworks/Carbon.framework/Versions/A/Frameworks/Ink.framework/Versions/A/Ink
0x00000000260f9000 	/System/Library/PrivateFrameworks/TextureIO.framework/Versions/A/TextureIO
0x00000000260f9000 	/System/Library/Frameworks/Metal.framework/Versions/A/Metal
0x00000000260f9000 	/usr/lib/libate.dylib
0x00000000260f9000 	/System/Library/PrivateFrameworks/GPUCompiler.framework/libmetal_timestamp.dylib
0x00000000260f9000 	/System/Library/Frameworks/OpenGL.framework/Versions/A/Libraries/libCoreFSCache.dylib
0x00000000260f9000 	/System/Library/PrivateFrameworks/IOAccelerator.framework/Versions/A/IOAccelerator
0x00000000260f9000 	/System/Library/Frameworks/CoreVideo.framework/Versions/A/CoreVideo
0x00000000260f9000 	/usr/lib/libFosl_dynamic.dylib
0x00000000260f9000 	/System/Library/PrivateFrameworks/MetalPerformanceShaders.framework/Versions/A/MetalPerformanceShaders
0x00000000260f9000 	/System/Library/PrivateFrameworks/FaceCore.framework/Versions/A/FaceCore
0x00000000260f9000 	/System/Library/Frameworks/OpenCL.framework/Versions/A/OpenCL
0x00000000260f9000 	/System/Library/Frameworks/OpenGL.framework/Versions/A/Libraries/libGLU.dylib
0x00000000260f9000 	/System/Library/Frameworks/OpenGL.framework/Versions/A/Libraries/libGFXShared.dylib
0x00000000260f9000 	/System/Library/Frameworks/OpenGL.framework/Versions/A/Libraries/libGL.dylib
0x00000000260f9000 	/System/Library/Frameworks/OpenGL.framework/Versions/A/Libraries/libGLImage.dylib
0x00000000260f9000 	/System/Library/Frameworks/OpenGL.framework/Versions/A/Libraries/libCVMSPluginSupport.dylib
0x00000000260f9000 	/System/Library/Frameworks/OpenGL.framework/Versions/A/Libraries/libCoreVMClient.dylib
0x00000000260f9000 	/System/Library/PrivateFrameworks/CrashReporterSupport.framework/Versions/A/CrashReporterSupport
0x00000000260f9000 	/System/Library/PrivateFrameworks/Sharing.framework/Versions/A/Sharing
0x00000000260f9000 	/System/Library/PrivateFrameworks/IconServices.framework/Versions/A/IconServices
0x00000000260f9000 	/System/Library/PrivateFrameworks/ProtocolBuffer.framework/Versions/A/ProtocolBuffer
0x00000000260f9000 	/System/Library/PrivateFrameworks/Apple80211.framework/Versions/A/Apple80211
0x00000000260f9000 	/System/Library/Frameworks/CoreWLAN.framework/Versions/A/CoreWLAN
0x00000000260f9000 	/System/Library/PrivateFrameworks/CoreUtils.framework/Versions/A/CoreUtils
0x00000000260f9000 	/System/Library/Frameworks/IOBluetooth.framework/Versions/A/IOBluetooth
0x00000000260f9000 	/System/Library/PrivateFrameworks/CoreWiFi.framework/Versions/A/CoreWiFi
0x00000000260f9000 	/System/Library/Frameworks/CoreBluetooth.framework/Versions/A/CoreBluetooth
0x00000000260f9000 	/System/Library/Frameworks/CoreDisplay.framework/Versions/A/CoreDisplay
0x00000000260f9000 	/System/Library/PrivateFrameworks/IOPresentment.framework/Versions/A/IOPresentment
0x00000000260f9000 	/System/Library/PrivateFrameworks/DebugSymbols.framework/Versions/A/DebugSymbols
0x00000000260f9000 	/System/Library/PrivateFrameworks/CoreSymbolication.framework/Versions/A/CoreSymbolication
0x00000000260f9000 	/System/Library/PrivateFrameworks/Symbolication.framework/Versions/A/Symbolication
0x00000000260f9000 	/System/Library/PrivateFrameworks/AppleFSCompression.framework/Versions/A/AppleFSCompression
0x00000000260f9000 	/System/Library/PrivateFrameworks/SpeechRecognitionCore.framework/Versions/A/SpeechRecognitionCore
0x00000000260f9000 	/System/Library/PrivateFrameworks/ChunkingLibrary.framework/Versions/A/ChunkingLibrary
0x0000000107a00000 	/private/var/folders/cs/pj44h74x67l511hxd77fvtm00000gn/T/AppTranslocation/7C9C7D31-F5C1-4418-883B-88B421E0609C/d/Processing.app/Contents/PlugIns/jdk1.8.0_111.jdk/Contents/Home/jre/lib/server/libjvm.dylib
0x00000000260f9000 	/usr/lib/libstdc++.6.dylib
0x0000000107006000 	/private/var/folders/cs/pj44h74x67l511hxd77fvtm00000gn/T/AppTranslocation/7C9C7D31-F5C1-4418-883B-88B421E0609C/d/Processing.app/Contents/PlugIns/jdk1.8.0_111.jdk/Contents/Home/jre/lib/libverify.dylib
0x0000000107014000 	/private/var/folders/cs/pj44h74x67l511hxd77fvtm00000gn/T/AppTranslocation/7C9C7D31-F5C1-4418-883B-88B421E0609C/d/Processing.app/Contents/PlugIns/jdk1.8.0_111.jdk/Contents/Home/jre/lib/libjava.dylib
0x000000010704a000 	/private/var/folders/cs/pj44h74x67l511hxd77fvtm00000gn/T/AppTranslocation/7C9C7D31-F5C1-4418-883B-88B421E0609C/d/Processing.app/Contents/PlugIns/jdk1.8.0_111.jdk/Contents/Home/jre/lib/libjdwp.dylib
0x0000000107095000 	/private/var/folders/cs/pj44h74x67l511hxd77fvtm00000gn/T/AppTranslocation/7C9C7D31-F5C1-4418-883B-88B421E0609C/d/Processing.app/Contents/PlugIns/jdk1.8.0_111.jdk/Contents/Home/jre/lib/libnpt.dylib
0x00000001070a2000 	/private/var/folders/cs/pj44h74x67l511hxd77fvtm00000gn/T/AppTranslocation/7C9C7D31-F5C1-4418-883B-88B421E0609C/d/Processing.app/Contents/PlugIns/jdk1.8.0_111.jdk/Contents/Home/jre/lib/libzip.dylib
0x0000000109ec3000 	/System/Library/Frameworks/JavaVM.framework/Frameworks/JavaRuntimeSupport.framework/JavaRuntimeSupport
0x000000011e26e000 	/System/Library/Frameworks/JavaVM.framework/Versions/A/Frameworks/JavaNativeFoundation.framework/Versions/A/JavaNativeFoundation
0x00000001071ed000 	/System/Library/Frameworks/JavaVM.framework/Versions/A/JavaVM
0x00000000260f9000 	/System/Library/Frameworks/Carbon.framework/Versions/A/Carbon
0x000000011e283000 	/System/Library/PrivateFrameworks/JavaLaunching.framework/Versions/A/JavaLaunching
0x00000000260f9000 	/System/Library/Frameworks/Carbon.framework/Versions/A/Frameworks/CommonPanels.framework/Versions/A/CommonPanels
0x00000000260f9000 	/System/Library/Frameworks/Carbon.framework/Versions/A/Frameworks/Help.framework/Versions/A/Help
0x00000000260f9000 	/System/Library/Frameworks/Carbon.framework/Versions/A/Frameworks/ImageCapture.framework/Versions/A/ImageCapture
0x00000000260f9000 	/System/Library/Frameworks/Carbon.framework/Versions/A/Frameworks/OpenScripting.framework/Versions/A/OpenScripting
0x00000000260f9000 	/System/Library/Frameworks/Carbon.framework/Versions/A/Frameworks/Print.framework/Versions/A/Print
0x00000000260f9000 	/System/Library/Frameworks/Carbon.framework/Versions/A/Frameworks/SecurityHI.framework/Versions/A/SecurityHI
0x000000011fb87000 	/private/var/folders/cs/pj44h74x67l511hxd77fvtm00000gn/T/AppTranslocation/7C9C7D31-F5C1-4418-883B-88B421E0609C/d/Processing.app/Contents/PlugIns/jdk1.8.0_111.jdk/Contents/Home/jre/lib/libdt_socket.dylib
0x000000011fbb8000 	/private/var/folders/cs/pj44h74x67l511hxd77fvtm00000gn/T/AppTranslocation/7C9C7D31-F5C1-4418-883B-88B421E0609C/d/Processing.app/Contents/PlugIns/jdk1.8.0_111.jdk/Contents/Home/jre/lib/libawt.dylib
0x000000011fc60000 	/private/var/folders/cs/pj44h74x67l511hxd77fvtm00000gn/T/AppTranslocation/7C9C7D31-F5C1-4418-883B-88B421E0609C/d/Processing.app/Contents/PlugIns/jdk1.8.0_111.jdk/Contents/Home/jre/lib/./libmlib_image.dylib
0x000000011fd2c000 	/private/var/folders/cs/pj44h74x67l511hxd77fvtm00000gn/T/AppTranslocation/7C9C7D31-F5C1-4418-883B-88B421E0609C/d/Processing.app/Contents/PlugIns/jdk1.8.0_111.jdk/Contents/Home/jre/lib/libawt_lwawt.dylib
0x000000011fde1000 	/private/var/folders/cs/pj44h74x67l511hxd77fvtm00000gn/T/AppTranslocation/7C9C7D31-F5C1-4418-883B-88B421E0609C/d/Processing.app/Contents/PlugIns/jdk1.8.0_111.jdk/Contents/Home/jre/lib/./libosxapp.dylib
0x00000000260f9000 	/System/Library/Frameworks/ExceptionHandling.framework/Versions/A/ExceptionHandling
0x00000000260f9000 	/System/Library/PrivateFrameworks/CoreServicesInternal.framework/Versions/A/CoreServicesInternal
0x00000000260f9000 	/System/Library/CoreServices/RawCamera.bundle/Contents/MacOS/RawCamera
0x00000000260f9000 	/System/Library/Frameworks/Accelerate.framework/Versions/A/Frameworks/vImage.framework/Versions/A/Libraries/libCGInterfaces.dylib
0x00000000260f9000 	/System/Library/Frameworks/ApplicationServices.framework/Versions/A/Frameworks/ATS.framework/Versions/A/Resources/libTrueTypeScaler.dylib
0x00000000260f9000 	/System/Library/Frameworks/OpenGL.framework/Versions/A/Resources/GLEngine.bundle/GLEngine
0x00000000260f9000 	/System/Library/Frameworks/OpenGL.framework/Versions/A/Libraries/libGLProgrammability.dylib
0x0000000121b40000 	/System/Library/Extensions/AppleIntelSKLGraphicsGLDriver.bundle/Contents/MacOS/AppleIntelSKLGraphicsGLDriver
0x00000000260f9000 	/System/Library/PrivateFrameworks/GPUSupport.framework/Versions/A/Libraries/libGPUSupportMercury.dylib
0x00000000260f9000 	/System/Library/Frameworks/OpenGL.framework/Versions/A/Resources/GLRendererFloat.bundle/GLRendererFloat
0x00000000260f9000 	/System/Library/Frameworks/OpenCL.framework/Versions/A/Libraries/libcldcpuengine.dylib
0x00000000260f9000 	/usr/lib/libcrypto.0.9.8.dylib
0x00000000260f9000 	/System/Library/PrivateFrameworks/TrustEvaluationAgent.framework/Versions/A/TrustEvaluationAgent
0x00000001228ee000 	/System/Library/Extensions/AppleIntelSKLGraphicsMTLDriver.bundle/Contents/MacOS/AppleIntelSKLGraphicsMTLDriver
0x00000000260f9000 	/System/Library/PrivateFrameworks/FamilyControls.framework/Versions/A/FamilyControls
0x00000000260f9000 	/System/Library/PrivateFrameworks/CommerceKit.framework/Versions/A/Frameworks/CommerceCore.framework/Versions/A/CommerceCore
0x00000000260f9000 	/System/Library/PrivateFrameworks/SystemAdministration.framework/Versions/A/SystemAdministration
0x00000000260f9000 	/System/Library/PrivateFrameworks/AppContainer.framework/Versions/A/AppContainer
0x00000000260f9000 	/System/Library/PrivateFrameworks/SecCodeWrapper.framework/Versions/A/SecCodeWrapper
0x00000000260f9000 	/System/Library/Frameworks/DirectoryService.framework/Versions/A/DirectoryService
0x00000000260f9000 	/System/Library/PrivateFrameworks/DiskImages.framework/Versions/A/DiskImages
0x00000000260f9000 	/System/Library/PrivateFrameworks/LoginUIKit.framework/Versions/A/Frameworks/LoginUICore.framework/Versions/A/LoginUICore
0x00000000260f9000 	/usr/lib/libCoreStorage.dylib
0x00000000260f9000 	/usr/lib/libcsfde.dylib
0x00000000260f9000 	/usr/lib/libodfde.dylib
0x00000000260f9000 	/System/Library/Frameworks/DiscRecording.framework/Versions/A/DiscRecording
0x00000000260f9000 	/usr/lib/libcurl.4.dylib
0x00000000260f9000 	/System/Library/PrivateFrameworks/MediaKit.framework/Versions/A/MediaKit
0x00000000260f9000 	/System/Library/PrivateFrameworks/ProtectedCloudStorage.framework/Versions/A/ProtectedCloudStorage
0x00000000260f9000 	/System/Library/PrivateFrameworks/EFILogin.framework/Versions/A/EFILogin
0x00000000260f9000 	/usr/lib/libutil.dylib
0x00000000260f9000 	/System/Library/Frameworks/LDAP.framework/Versions/A/LDAP
0x00000000260f9000 	/usr/lib/libsasl2.2.dylib
0x00000000260f9000 	/System/Library/PrivateFrameworks/CoreDaemon.framework/Versions/B/CoreDaemon
0x00000000260f9000 	/System/Library/PrivateFrameworks/AppleSRP.framework/Versions/A/AppleSRP
0x00000000260f9000 	/System/Library/PrivateFrameworks/APFS.framework/Versions/A/APFS
0x0000000123f27000 	/private/var/folders/cs/pj44h74x67l511hxd77fvtm00000gn/T/AppTranslocation/7C9C7D31-F5C1-4418-883B-88B421E0609C/d/Processing.app/Contents/PlugIns/jdk1.8.0_111.jdk/Contents/Home/jre/lib/libfontmanager.dylib
0x00000001247eb000 	/private/var/folders/cs/pj44h74x67l511hxd77fvtm00000gn/T/AppTranslocation/7C9C7D31-F5C1-4418-883B-88B421E0609C/d/Processing.app/Contents/PlugIns/jdk1.8.0_111.jdk/Contents/Home/jre/lib/libosxui.dylib
0x00000001252da000 	/private/var/folders/cs/pj44h74x67l511hxd77fvtm00000gn/T/AppTranslocation/7C9C7D31-F5C1-4418-883B-88B421E0609C/d/Processing.app/Contents/PlugIns/jdk1.8.0_111.jdk/Contents/Home/jre/lib/libmanagement.dylib
0x00000000260f9000 	/System/Library/PrivateFrameworks/ViewBridge.framework/Versions/A/ViewBridge
0x00000000260f9000 	/System/Library/PrivateFrameworks/XPCService.framework/Versions/A/XPCService
0x00000000260f9000 	/System/Library/PrivateFrameworks/AppSandbox.framework/Versions/A/AppSandbox
0x00000000260f9000 	/usr/lib/libsandbox.1.dylib
0x00000000260f9000 	/usr/lib/libMatch.1.dylib
0x0000000129016000 	/Users/robertonoel/Documents/Processing/libraries/sound/library/macosx/libMethClaInterface.jnilib
0x0000000129073000 	/Users/robertonoel/Documents/Processing/libraries/sound/library/macosx/libmethcla.dylib
0x000000012917b000 	/Users/robertonoel/Documents/Processing/libraries/sound/library/macosx/libmpg123.0.dylib
0x00000001291be000 	/Users/robertonoel/Documents/Processing/libraries/sound/library/macosx/libsndfile.1.dylib
0x000000012921b000 	/Users/robertonoel/Documents/Processing/libraries/sound/library/macosx/libFLAC.8.dylib
0x0000000129245000 	/Users/robertonoel/Documents/Processing/libraries/sound/library/macosx/libvorbisenc.2.dylib
0x0000000129511000 	/Users/robertonoel/Documents/Processing/libraries/sound/library/macosx/libvorbis.0.dylib
0x000000012682a000 	/Users/robertonoel/Documents/Processing/libraries/sound/library/macosx/libogg.0.dylib
0x0000000126acd000 	/System/Library/Extensions/AppleHDA.kext/Contents/PlugIns/AppleHDAHALPlugIn.bundle/Contents/MacOS/AppleHDAHALPlugIn
0x000000016a3fc000 	/private/var/folders/cs/pj44h74x67l511hxd77fvtm00000gn/T/AppTranslocation/7C9C7D31-F5C1-4418-883B-88B421E0609C/d/Processing.app/Contents/PlugIns/jdk1.8.0_111.jdk/Contents/Home/jre/lib/libdcpr.dylib

VM Arguments:
jvm_args: -agentlib:jdwp=transport=dt_socket,address=8353,server=y,suspend=y,quiet=y -Djna.nosys=true -Djava.ext.dirs=/private/var/folders/cs/pj44h74x67l511hxd77fvtm00000gn/T/AppTranslocation/7C9C7D31-F5C1-4418-883B-88B421E0609C/d/Processing.app/Contents/PlugIns/jdk1.8.0_111.jdk/Contents/Home/jre/lib/ext -Djava.library.path=:/private/var/folders/cs/pj44h74x67l511hxd77fvtm00000gn/T/AppTranslocation/7C9C7D31-F5C1-4418-883B-88B421E0609C/d/Processing.app/Contents/Java/core/library:/Users/robertonoel/Documents/Processing/libraries/sound/library/macosx:/private/var/folders/cs/pj44h74x67l511hxd77fvtm00000gn/T/AppTranslocation/7C9C7D31-F5C1-4418-883B-88B421E0609C/d/Processing.app/Contents/MacOS -ea 
java_command: processing.core.PApplet --location=400,259 --external --display=1 --sketch-path=/var/folders/cs/pj44h74x67l511hxd77fvtm00000gn/T/untitled7414043588440244944sketches/sketch_170502a sketch_170502a
java_class_path (initial): /var/folders/cs/pj44h74x67l511hxd77fvtm00000gn/T/sketch_170502a1452720280518929714temp:/private/var/folders/cs/pj44h74x67l511hxd77fvtm00000gn/T/AppTranslocation/7C9C7D31-F5C1-4418-883B-88B421E0609C/d/Processing.app/Contents/Java/core/library/core.jar:/private/var/folders/cs/pj44h74x67l511hxd77fvtm00000gn/T/AppTranslocation/7C9C7D31-F5C1-4418-883B-88B421E0609C/d/Processing.app/Contents/Java/core/library/gluegen-rt-natives-linux-amd64.jar:/private/var/folders/cs/pj44h74x67l511hxd77fvtm00000gn/T/AppTranslocation/7C9C7D31-F5C1-4418-883B-88B421E0609C/d/Processing.app/Contents/Java/core/library/gluegen-rt-natives-linux-armv6hf.jar:/private/var/folders/cs/pj44h74x67l511hxd77fvtm00000gn/T/AppTranslocation/7C9C7D31-F5C1-4418-883B-88B421E0609C/d/Processing.app/Contents/Java/core/library/gluegen-rt-natives-linux-i586.jar:/private/var/folders/cs/pj44h74x67l511hxd77fvtm00000gn/T/AppTranslocation/7C9C7D31-F5C1-4418-883B-88B421E0609C/d/Processing.app/Contents/Java/core/library/gluegen-rt-natives-macosx-universal.jar:/private/var/folders/cs/pj44h74x67l511hxd77fvtm00000gn/T/AppTranslocation/7C9C7D31-F5C1-4418-883B-88B421E0609C/d/Processing.app/Contents/Java/core/library/gluegen-rt-natives-windows-amd64.jar:/private/var/folders/cs/pj44h74x67l511hxd77fvtm00000gn/T/AppTranslocation/7C9C7D31-F5C1-4418-883B-88B421E0609C/d/Processing.app/Contents/Java/core/library/gluegen-rt-natives-windows-i586.jar:/private/var/folders/cs/pj44h74x67l511hxd77fvtm00000gn/T/AppTranslocation/7C9C7D31-F5C1-4418-883B-88B421E0609C/d/Processing.app/Contents/Java/core/library/gluegen-rt.jar:/private/var/folders/cs/pj44h74x67l511hxd77fvtm00000gn/T/AppTranslocation/7C9C7D31-F5C1-4418-883B-88B421E0609C/d/Processing.app/Contents/Java/core/library/jogl-all-natives-linux-amd64.jar:/private/var/folders/cs/pj44h74x67l511hxd77fvtm00000gn/T/AppTranslocation/7C9C7D31-F5C1-4418-883B-88B421E0609C/d/Processing.app/Contents/Java/core/library/jogl-all-natives-linux-armv6hf.jar:/private/var/folders/cs
Launcher Type: SUN_STANDARD

Environment Variables:
PATH=/usr/bin:/bin:/usr/sbin:/sbin
SHELL=/bin/bash

Signal Handlers:
SIGSEGV: [libjvm.dylib+0x5b03ed], sa_mask[0]=11111111011111110111111111111111, sa_flags=SA_ONSTACK|SA_RESTART|SA_SIGINFO
SIGBUS: [libjvm.dylib+0x5b03ed], sa_mask[0]=11111111011111110111111111111111, sa_flags=SA_RESTART|SA_SIGINFO
SIGFPE: [libjvm.dylib+0x48711c], sa_mask[0]=11111111011111110111111111111111, sa_flags=SA_RESTART|SA_SIGINFO
SIGPIPE: [libjvm.dylib+0x48711c], sa_mask[0]=11111111011111110111111111111111, sa_flags=SA_RESTART|SA_SIGINFO
SIGXFSZ: [libjvm.dylib+0x48711c], sa_mask[0]=11111111011111110111111111111111, sa_flags=SA_RESTART|SA_SIGINFO
SIGILL: [libjvm.dylib+0x48711c], sa_mask[0]=11111111011111110111111111111111, sa_flags=SA_RESTART|SA_SIGINFO
SIGUSR1: SIG_DFL, sa_mask[0]=00000000000000000000000000000000, sa_flags=none
SIGUSR2: [libjvm.dylib+0x486c3a], sa_mask[0]=00100000000000000000000000000000, sa_flags=SA_RESTART|SA_SIGINFO
SIGHUP: [libjvm.dylib+0x485211], sa_mask[0]=11111111011111110111111111111111, sa_flags=SA_RESTART|SA_SIGINFO
SIGINT: [libjvm.dylib+0x485211], sa_mask[0]=11111111011111110111111111111111, sa_flags=SA_RESTART|SA_SIGINFO
SIGTERM: [libjvm.dylib+0x485211], sa_mask[0]=11111111011111110111111111111111, sa_flags=SA_RESTART|SA_SIGINFO
SIGQUIT: [libjvm.dylib+0x485211], sa_mask[0]=11111111011111110111111111111111, sa_flags=SA_RESTART|SA_SIGINFO


---------------  S Y S T E M  ---------------

OS:Bsduname:Darwin 16.4.0 Darwin Kernel Version 16.4.0: Thu Dec 22 22:53:21 PST 2016; root:xnu-3789.41.3~3/RELEASE_X86_64 x86_64
rlimit: STACK 8192k, CORE 0k, NPROC 709, NOFILE 10240, AS infinity
load average:1.70 1.95 1.80

CPU:total 4 (2 cores per cpu, 2 threads per core) family 6 model 78 stepping 3, cmov, cx8, fxsr, mmx, sse, sse2, sse3, ssse3, sse4.1, sse4.2, popcnt, avx, avx2, aes, clmul, erms, rtm, 3dnowpref, lzcnt, ht, tsc, tscinvbit, bmi1, bmi2, adx

Memory: 4k page, physical 8388608k(97560k free)

/proc/meminfo:


vm_info: Java HotSpot(TM) 64-Bit Server VM (25.111-b14) for bsd-amd64 JRE (1.8.0_111-b14), built on Sep 22 2016 15:31:41 by "java_re" with gcc 4.2.1 (Based on Apple Inc. build 5658) (LLVM build 2336.11.00)

time: Tue May  2 20:50:10 2017
elapsed time: 190 seconds (0d 0h 3m 10s)

